android/app/build/outputs/logs/manifest-merger-release-report.txt
-- Merging decision tree log ---
manifest
ADDED from src/main/AndroidManifest.xml:1:1-28:12
INJECTED from src/main/AndroidManifest.xml:1:1-28:12
INJECTED from src/main/AndroidManifest.xml:1:1-28:12
INJECTED from src/main/AndroidManifest.xml:1:1-28:12
MERGED from [:react-native-gesture-handler] AndroidManifest.xml:2:1-11:12
MERGED from [:react-native-vector-icons] AndroidManifest.xml:2:1-11:12
MERGED from [:react-native-zebra-rfid] AndroidManifest.xml:2:1-11:12
MERGED from [com.facebook.react:react-native:0.60.4] AndroidManifest.xml:2:1-13:12
MERGED from [androidx.appcompat:appcompat:1.1.0-rc01] AndroidManifest.xml:17:1-24:12
MERGED from [androidx.swiperefreshlayout:swiperefreshlayout:1.1.0-alpha02] AndroidManifest.xml:17:1-24:12
MERGED from [androidx.localbroadcastmanager:localbroadcastmanager:1.0.0] AndroidManifest.xml:17:1-22:12
MERGED from [org.webkit:android-jsc:r245459] AndroidManifest.xml:2:1-11:12
MERGED from [com.facebook.fresco:fresco:2.0.0] AndroidManifest.xml:2:1-9:12
MERGED from [com.facebook.fresco:imagepipeline-okhttp3:2.0.0] AndroidManifest.xml:2:1-9:12
MERGED from [com.facebook.fresco:drawee:2.0.0] AndroidManifest.xml:2:1-9:12
MERGED from [com.facebook.fresco:nativeimagefilters:2.0.0] AndroidManifest.xml:2:1-9:12
MERGED from [com.facebook.fresco:imagepipeline:2.0.0] AndroidManifest.xml:2:1-9:12
MERGED from [com.facebook.fresco:nativeimagetranscoder:2.0.0] AndroidManifest.xml:2:1-9:12
MERGED from [com.facebook.fresco:imagepipeline-base:2.0.0] AndroidManifest.xml:2:1-9:12
MERGED from [com.facebook.soloader:soloader:0.6.0] AndroidManifest.xml:2:1-13:12
MERGED from [androidx.fragment:fragment:1.1.0-rc01] AndroidManifest.xml:17:1-24:12
MERGED from [androidx.appcompat:appcompat-resources:1.1.0-rc01] AndroidManifest.xml:17:1-24:12
MERGED from [androidx.drawerlayout:drawerlayout:1.0.0] AndroidManifest.xml:17:1-22:12
MERGED from [androidx.viewpager:viewpager:1.0.0] AndroidManifest.xml:17:1-22:12
MERGED from [androidx.loader:loader:1.0.0] AndroidManifest.xml:17:1-22:12
MERGED from [androidx.activity:activity:1.0.0-rc01] AndroidManifest.xml:17:1-24:12
MERGED from [androidx.vectordrawable:vectordrawable-animated:1.1.0-rc01] AndroidManifest.xml:17:1-24:12
MERGED from [androidx.vectordrawable:vectordrawable:1.1.0-rc01] AndroidManifest.xml:17:1-24:12
MERGED from [androidx.customview:customview:1.0.0] AndroidManifest.xml:17:1-22:12
MERGED from [androidx.core:core:1.1.0-rc01] AndroidManifest.xml:17:1-26:12
MERGED from [androidx.cursoradapter:cursoradapter:1.0.0] AndroidManifest.xml:17:1-22:12
MERGED from [androidx.interpolator:interpolator:1.0.0] AndroidManifest.xml:17:1-22:12
MERGED from [androidx.versionedparcelable:versionedparcelable:1.1.0-rc01] AndroidManifest.xml:17:1-27:12
MERGED from [androidx.lifecycle:lifecycle-runtime:2.1.0-rc01] AndroidManifest.xml:17:1-22:12
MERGED from [androidx.lifecycle:lifecycle-viewmodel:2.1.0-rc01] AndroidManifest.xml:17:1-22:12
MERGED from [androidx.savedstate:savedstate:1.0.0-rc01] AndroidManifest.xml:17:1-24:12
MERGED from [androidx.lifecycle:lifecycle-livedata:2.0.0] AndroidManifest.xml:17:1-22:12
MERGED from [androidx.lifecycle:lifecycle-livedata-core:2.0.0] AndroidManifest.xml:17:1-22:12
MERGED from [androidx.arch.core:core-runtime:2.0.0] AndroidManifest.xml:17:1-22:12
MERGED from [:API3_LIB-release-2.0.0.2:] AndroidManifest.xml:2:1-29:12
MERGED from [com.facebook.fresco:fbcore:2.0.0] AndroidManifest.xml:2:1-9:12
INJECTED from src/main/AndroidManifest.xml:1:1-28:12
INJECTED from src/main/AndroidManifest.xml:1:1-28:12
INJECTED from src/main/AndroidManifest.xml:1:1-28:12
	package
		ADDED from src/main/AndroidManifest.xml:2:3-29
		INJECTED from src/main/AndroidManifest.xml
		INJECTED from src/main/AndroidManifest.xml
	android:versionName
		INJECTED from src/main/AndroidManifest.xml
		ADDED from src/main/AndroidManifest.xml:1:1-28:12
		INJECTED from src/main/AndroidManifest.xml
	android:versionCode
		INJECTED from src/main/AndroidManifest.xml
		ADDED from src/main/AndroidManifest.xml:1:1-28:12
		INJECTED from src/main/AndroidManifest.xml
	xmlns:android
		ADDED from src/main/AndroidManifest.xml:1:11-69
uses-permission#android.permission.INTERNET
ADDED from src/main/AndroidManifest.xml:4:5-67
	android:name
		ADDED from src/main/AndroidManifest.xml:4:22-64
application
ADDED from src/main/AndroidManifest.xml:6:5-26:19
MERGED from [com.facebook.react:react-native:0.60.4] AndroidManifest.xml:11:5-20
MERGED from [com.facebook.react:react-native:0.60.4] AndroidManifest.xml:11:5-20
MERGED from [com.facebook.soloader:soloader:0.6.0] AndroidManifest.xml:11:5-20
MERGED from [com.facebook.soloader:soloader:0.6.0] AndroidManifest.xml:11:5-20
MERGED from [androidx.core:core:1.1.0-rc01] AndroidManifest.xml:24:5-89
MERGED from [androidx.core:core:1.1.0-rc01] AndroidManifest.xml:24:5-89
MERGED from [androidx.versionedparcelable:versionedparcelable:1.1.0-rc01] AndroidManifest.xml:24:5-25:19
MERGED from [androidx.versionedparcelable:versionedparcelable:1.1.0-rc01] AndroidManifest.xml:24:5-25:19
MERGED from [:API3_LIB-release-2.0.0.2:] AndroidManifest.xml:15:5-27:19
MERGED from [:API3_LIB-release-2.0.0.2:] AndroidManifest.xml:15:5-27:19
	android:appComponentFactory
		ADDED from [androidx.core:core:1.1.0-rc01] AndroidManifest.xml:24:18-86
	android:label
		ADDED from src/main/AndroidManifest.xml:8:7-39
	android:roundIcon
		ADDED from src/main/AndroidManifest.xml:10:7-52
	android:icon
		ADDED from src/main/AndroidManifest.xml:9:7-41
	android:allowBackup
		ADDED from src/main/AndroidManifest.xml:11:7-33
	android:theme
		ADDED from src/main/AndroidManifest.xml:12:7-38
	android:name
		ADDED from src/main/AndroidManifest.xml:7:7-38
activity#com.insysivzebra.MainActivity
ADDED from src/main/AndroidManifest.xml:13:7-24:18
	android:screenOrientation
		ADDED from src/main/AndroidManifest.xml:18:9-45
	android:label
		ADDED from src/main/AndroidManifest.xml:15:9-41
	android:windowSoftInputMode
		ADDED from src/main/AndroidManifest.xml:17:9-51
	android:configChanges
		ADDED from src/main/AndroidManifest.xml:16:9-79
	android:usesCleartextTraffic
		ADDED from src/main/AndroidManifest.xml:19:9-44
	android:name
		ADDED from src/main/AndroidManifest.xml:14:9-37
intent-filter#action:name:android.intent.action.MAIN+category:name:android.intent.category.LAUNCHER
ADDED from src/main/AndroidManifest.xml:20:9-23:25
action#android.intent.action.MAIN
ADDED from src/main/AndroidManifest.xml:21:13-65
	android:name
		ADDED from src/main/AndroidManifest.xml:21:21-62
category#android.intent.category.LAUNCHER
ADDED from src/main/AndroidManifest.xml:22:13-73
	android:name
		ADDED from src/main/AndroidManifest.xml:22:23-70
activity#com.facebook.react.devsupport.DevSettingsActivity
ADDED from src/main/AndroidManifest.xml:25:7-84
	android:name
		ADDED from src/main/AndroidManifest.xml:25:17-81
uses-sdk
INJECTED from src/main/AndroidManifest.xml reason: use-sdk injection requested
INJECTED from src/main/AndroidManifest.xml
INJECTED from src/main/AndroidManifest.xml
MERGED from [:react-native-gesture-handler] AndroidManifest.xml:7:5-9:41
MERGED from [:react-native-gesture-handler] AndroidManifest.xml:7:5-9:41
MERGED from [:react-native-vector-icons] AndroidManifest.xml:7:5-9:41
MERGED from [:react-native-vector-icons] AndroidManifest.xml:7:5-9:41
MERGED from [:react-native-zebra-rfid] AndroidManifest.xml:7:5-9:41
MERGED from [:react-native-zebra-rfid] AndroidManifest.xml:7:5-9:41
MERGED from [com.facebook.react:react-native:0.60.4] AndroidManifest.xml:7:5-9:41
MERGED from [com.facebook.react:react-native:0.60.4] AndroidManifest.xml:7:5-9:41
MERGED from [androidx.appcompat:appcompat:1.1.0-rc01] AndroidManifest.xml:20:5-22:41
MERGED from [androidx.appcompat:appcompat:1.1.0-rc01] AndroidManifest.xml:20:5-22:41
MERGED from [androidx.swiperefreshlayout:swiperefreshlayout:1.1.0-alpha02] AndroidManifest.xml:20:5-22:41
MERGED from [androidx.swiperefreshlayout:swiperefreshlayout:1.1.0-alpha02] AndroidManifest.xml:20:5-22:41
MERGED from [androidx.localbroadcastmanager:localbroadcastmanager:1.0.0] AndroidManifest.xml:20:5-44
MERGED from [androidx.localbroadcastmanager:localbroadcastmanager:1.0.0] AndroidManifest.xml:20:5-44
MERGED from [org.webkit:android-jsc:r245459] AndroidManifest.xml:7:5-9:41
MERGED from [org.webkit:android-jsc:r245459] AndroidManifest.xml:7:5-9:41
MERGED from [com.facebook.fresco:fresco:2.0.0] AndroidManifest.xml:5:5-7:41
MERGED from [com.facebook.fresco:fresco:2.0.0] AndroidManifest.xml:5:5-7:41
MERGED from [com.facebook.fresco:imagepipeline-okhttp3:2.0.0] AndroidManifest.xml:5:5-7:41
MERGED from [com.facebook.fresco:imagepipeline-okhttp3:2.0.0] AndroidManifest.xml:5:5-7:41
MERGED from [com.facebook.fresco:drawee:2.0.0] AndroidManifest.xml:5:5-7:41
MERGED from [com.facebook.fresco:drawee:2.0.0] AndroidManifest.xml:5:5-7:41
MERGED from [com.facebook.fresco:nativeimagefilters:2.0.0] AndroidManifest.xml:5:5-7:41
MERGED from [com.facebook.fresco:nativeimagefilters:2.0.0] AndroidManifest.xml:5:5-7:41
MERGED from [com.facebook.fresco:imagepipeline:2.0.0] AndroidManifest.xml:5:5-7:41
MERGED from [com.facebook.fresco:imagepipeline:2.0.0] AndroidManifest.xml:5:5-7:41
MERGED from [com.facebook.fresco:nativeimagetranscoder:2.0.0] AndroidManifest.xml:5:5-7:41
MERGED from [com.facebook.fresco:nativeimagetranscoder:2.0.0] AndroidManifest.xml:5:5-7:41
MERGED from [com.facebook.fresco:imagepipeline-base:2.0.0] AndroidManifest.xml:5:5-7:41
MERGED from [com.facebook.fresco:imagepipeline-base:2.0.0] AndroidManifest.xml:5:5-7:41
MERGED from [com.facebook.soloader:soloader:0.6.0] AndroidManifest.xml:7:5-9:41
MERGED from [com.facebook.soloader:soloader:0.6.0] AndroidManifest.xml:7:5-9:41
MERGED from [androidx.fragment:fragment:1.1.0-rc01] AndroidManifest.xml:20:5-22:41
MERGED from [androidx.fragment:fragment:1.1.0-rc01] AndroidManifest.xml:20:5-22:41
MERGED from [androidx.appcompat:appcompat-resources:1.1.0-rc01] AndroidManifest.xml:20:5-22:41
MERGED from [androidx.appcompat:appcompat-resources:1.1.0-rc01] AndroidManifest.xml:20:5-22:41
MERGED from [androidx.drawerlayout:drawerlayout:1.0.0] AndroidManifest.xml:20:5-44
MERGED from [androidx.drawerlayout:drawerlayout:1.0.0] AndroidManifest.xml:20:5-44
MERGED from [androidx.viewpager:viewpager:1.0.0] AndroidManifest.xml:20:5-44
MERGED from [androidx.viewpager:viewpager:1.0.0] AndroidManifest.xml:20:5-44
MERGED from [androidx.loader:loader:1.0.0] AndroidManifest.xml:20:5-44
MERGED from [androidx.loader:loader:1.0.0] AndroidManifest.xml:20:5-44
MERGED from [androidx.activity:activity:1.0.0-rc01] AndroidManifest.xml:20:5-22:41
MERGED from [androidx.activity:activity:1.0.0-rc01] AndroidManifest.xml:20:5-22:41
MERGED from [androidx.vectordrawable:vectordrawable-animated:1.1.0-rc01] AndroidManifest.xml:20:5-22:41
MERGED from [androidx.vectordrawable:vectordrawable-animated:1.1.0-rc01] AndroidManifest.xml:20:5-22:41
MERGED from [androidx.vectordrawable:vectordrawable:1.1.0-rc01] AndroidManifest.xml:20:5-22:41
MERGED from [androidx.vectordrawable:vectordrawable:1.1.0-rc01] AndroidManifest.xml:20:5-22:41
MERGED from [androidx.customview:customview:1.0.0] AndroidManifest.xml:20:5-44
MERGED from [androidx.customview:customview:1.0.0] AndroidManifest.xml:20:5-44
MERGED from [androidx.core:core:1.1.0-rc01] AndroidManifest.xml:20:5-22:41
MERGED from [androidx.core:core:1.1.0-rc01] AndroidManifest.xml:20:5-22:41
MERGED from [androidx.cursoradapter:cursoradapter:1.0.0] AndroidManifest.xml:20:5-44
MERGED from [androidx.cursoradapter:cursoradapter:1.0.0] AndroidManifest.xml:20:5-44
MERGED from [androidx.interpolator:interpolator:1.0.0] AndroidManifest.xml:20:5-44
MERGED from [androidx.interpolator:interpolator:1.0.0] AndroidManifest.xml:20:5-44
MERGED from [androidx.versionedparcelable:versionedparcelable:1.1.0-rc01] AndroidManifest.xml:20:5-22:41
MERGED from [androidx.versionedparcelable:versionedparcelable:1.1.0-rc01] AndroidManifest.xml:20:5-22:41
MERGED from [androidx.lifecycle:lifecycle-runtime:2.1.0-rc01] AndroidManifest.xml:20:5-44
MERGED from [androidx.lifecycle:lifecycle-runtime:2.1.0-rc01] AndroidManifest.xml:20:5-44
MERGED from [androidx.lifecycle:lifecycle-viewmodel:2.1.0-rc01] AndroidManifest.xml:20:5-44
MERGED from [androidx.lifecycle:lifecycle-viewmodel:2.1.0-rc01] AndroidManifest.xml:20:5-44
MERGED from [androidx.savedstate:savedstate:1.0.0-rc01] AndroidManifest.xml:20:5-22:41
MERGED from [androidx.savedstate:savedstate:1.0.0-rc01] AndroidManifest.xml:20:5-22:41
MERGED from [androidx.lifecycle:lifecycle-livedata:2.0.0] AndroidManifest.xml:20:5-44
MERGED from [androidx.lifecycle:lifecycle-livedata:2.0.0] AndroidManifest.xml:20:5-44
MERGED from [androidx.lifecycle:lifecycle-livedata-core:2.0.0] AndroidManifest.xml:20:5-44
MERGED from [androidx.lifecycle:lifecycle-livedata-core:2.0.0] AndroidManifest.xml:20:5-44
MERGED from [androidx.arch.core:core-runtime:2.0.0] AndroidManifest.xml:20:5-44
MERGED from [androidx.arch.core:core-runtime:2.0.0] AndroidManifest.xml:20:5-44
MERGED from [:API3_LIB-release-2.0.0.2:] AndroidManifest.xml:7:5-9:41
MERGED from [:API3_LIB-release-2.0.0.2:] AndroidManifest.xml:7:5-9:41
MERGED from [com.facebook.fresco:fbcore:2.0.0] AndroidManifest.xml:5:5-7:41
MERGED from [com.facebook.fresco:fbcore:2.0.0] AndroidManifest.xml:5:5-7:41
INJECTED from src/main/AndroidManifest.xml
INJECTED from src/main/AndroidManifest.xml
	android:targetSdkVersion
		INJECTED from src/main/AndroidManifest.xml
		ADDED from src/main/AndroidManifest.xml
		INJECTED from src/main/AndroidManifest.xml
	android:minSdkVersion
		INJECTED from src/main/AndroidManifest.xml
		ADDED from src/main/AndroidManifest.xml
		INJECTED from src/main/AndroidManifest.xml
uses-permission#android.permission.BLUETOOTH
ADDED from [:API3_LIB-release-2.0.0.2:] AndroidManifest.xml:11:5-68
	android:name
		ADDED from [:API3_LIB-release-2.0.0.2:] AndroidManifest.xml:11:22-65
uses-permission#android.permission.BLUETOOTH_ADMIN
ADDED from [:API3_LIB-release-2.0.0.2:] AndroidManifest.xml:12:5-74
	android:name
		ADDED from [:API3_LIB-release-2.0.0.2:] AndroidManifest.xml:12:22-71
uses-permission#android.permission.BLUETOOTH_PRIVILEGED
ADDED from [:API3_LIB-release-2.0.0.2:] AndroidManifest.xml:13:5-79
	android:name
		ADDED from [:API3_LIB-release-2.0.0.2:] AndroidManifest.xml:13:22-76
receiver#com.zebra.rfid.api3.Readers
ADDED from [:API3_LIB-release-2.0.0.2:] AndroidManifest.xml:18:9-26:20
	android:enabled
		ADDED from [:API3_LIB-release-2.0.0.2:] AndroidManifest.xml:20:13-35
	android:exported
		ADDED from [:API3_LIB-release-2.0.0.2:] AndroidManifest.xml:21:13-36
	android:name
		ADDED from [:API3_LIB-release-2.0.0.2:] AndroidManifest.xml:19:13-55
intent-filter#action:name:android.bluetooth.adapter.action.STATE_CHANGED+action:name:android.bluetooth.device.action.BOND_STATE_CHANGED
ADDED from [:API3_LIB-release-2.0.0.2:] AndroidManifest.xml:22:13-25:29
action#android.bluetooth.adapter.action.STATE_CHANGED
ADDED from [:API3_LIB-release-2.0.0.2:] AndroidManifest.xml:23:17-89
	android:name
		ADDED from [:API3_LIB-release-2.0.0.2:] AndroidManifest.xml:23:25-86
action#android.bluetooth.device.action.BOND_STATE_CHANGED
ADDED from [:API3_LIB-release-2.0.0.2:] AndroidManifest.xml:24:17-93
	android:name
		ADDED from [:API3_LIB-release-2.0.0.2:] AndroidManifest.xml:24:25-90